<?xml version="1.0" encoding="UTF-8"?>
<testng-results ignored="4" total="9" passed="4" failed="1" skipped="0">
  <reporter-output>
  </reporter-output>
  <suite started-at="2022-08-15T13:03:26 EDT" name="Suite" finished-at="2022-08-15T13:04:12 EDT" duration-ms="45495">
    <groups>
    </groups>
    <test started-at="2022-08-15T13:03:26 EDT" name="Test" finished-at="2022-08-15T13:04:12 EDT" duration-ms="45495">
      <class name="testCases.LoginPageTest">
        <test-method is-config="true" signature="beforesuite()[pri:0, instance:testCases.LoginPageTest@6f36c2f0]" started-at="2022-08-15T13:03:26 EDT" name="beforesuite" finished-at="2022-08-15T13:03:26 EDT" duration-ms="63" status="PASS">
          <reporter-output>
          </reporter-output>
        </test-method> <!-- beforesuite -->
        <test-method is-config="true" signature="mybeforeMethod()[pri:0, instance:testCases.LoginPageTest@6f36c2f0]" started-at="2022-08-15T13:03:26 EDT" name="mybeforeMethod" finished-at="2022-08-15T13:03:35 EDT" duration-ms="9130" status="PASS">
          <reporter-output>
          </reporter-output>
        </test-method> <!-- mybeforeMethod -->
        <test-method signature="loginTest()[pri:0, instance:testCases.LoginPageTest@6f36c2f0]" started-at="2022-08-15T13:03:35 EDT" name="loginTest" finished-at="2022-08-15T13:03:38 EDT" duration-ms="2438" status="PASS">
          <reporter-output>
          </reporter-output>
        </test-method> <!-- loginTest -->
        <test-method is-config="true" signature="tearDown()[pri:0, instance:testCases.LoginPageTest@6f36c2f0]" started-at="2022-08-15T13:03:38 EDT" name="tearDown" finished-at="2022-08-15T13:03:39 EDT" duration-ms="961" status="PASS">
          <reporter-output>
          </reporter-output>
        </test-method> <!-- tearDown -->
        <test-method is-config="true" signature="afterSuite()[pri:0, instance:testCases.LoginPageTest@6f36c2f0]" started-at="2022-08-15T13:04:12 EDT" name="afterSuite" finished-at="2022-08-15T13:04:12 EDT" duration-ms="1" status="PASS">
          <reporter-output>
          </reporter-output>
        </test-method> <!-- afterSuite -->
      </class> <!-- testCases.LoginPageTest -->
      <class name="testCases.LoginWithParamater">
        <test-method is-config="true" signature="mybeforeMethod()[pri:0, instance:testCases.LoginWithParamater@7dc3712]" started-at="2022-08-15T13:03:54 EDT" name="mybeforeMethod" finished-at="2022-08-15T13:04:01 EDT" duration-ms="6798" status="PASS">
          <reporter-output>
          </reporter-output>
        </test-method> <!-- mybeforeMethod -->
        <test-method signature="loginTest(java.lang.String,java.lang.String,java.lang.String)[pri:0, instance:testCases.LoginWithParamater@7dc3712]" started-at="2022-08-15T13:04:01 EDT" name="loginTest" data-provider="getData" finished-at="2022-08-15T13:04:03 EDT" duration-ms="1925" status="PASS">
          <params>
            <param index="0">
              <value>
                <![CDATA[Admin]]>
              </value>
            </param>
            <param index="1">
              <value>
                <![CDATA[admin123]]>
              </value>
            </param>
            <param index="2">
              <value>
                <![CDATA[Admin test]]>
              </value>
            </param>
          </params>
          <reporter-output>
          </reporter-output>
        </test-method> <!-- loginTest -->
        <test-method is-config="true" signature="tearDown()[pri:0, instance:testCases.LoginWithParamater@7dc3712]" started-at="2022-08-15T13:04:03 EDT" name="tearDown" finished-at="2022-08-15T13:04:03 EDT" duration-ms="785" status="PASS">
          <reporter-output>
          </reporter-output>
        </test-method> <!-- tearDown -->
        <test-method is-config="true" signature="mybeforeMethod()[pri:0, instance:testCases.LoginWithParamater@7dc3712]" started-at="2022-08-15T13:04:03 EDT" name="mybeforeMethod" finished-at="2022-08-15T13:04:09 EDT" duration-ms="5684" status="PASS">
          <reporter-output>
          </reporter-output>
        </test-method> <!-- mybeforeMethod -->
        <test-method signature="loginTest(java.lang.String,java.lang.String,java.lang.String)[pri:0, instance:testCases.LoginWithParamater@7dc3712]" started-at="2022-08-15T13:04:09 EDT" name="loginTest" data-provider="getData" finished-at="2022-08-15T13:04:11 EDT" duration-ms="1939" status="PASS">
          <params>
            <param index="0">
              <value>
                <![CDATA[administrator]]>
              </value>
            </param>
            <param index="1">
              <value>
                <![CDATA[khan]]>
              </value>
            </param>
            <param index="2">
              <value>
                <![CDATA[Administrator test]]>
              </value>
            </param>
          </params>
          <reporter-output>
          </reporter-output>
        </test-method> <!-- loginTest -->
        <test-method is-config="true" signature="tearDown()[pri:0, instance:testCases.LoginWithParamater@7dc3712]" started-at="2022-08-15T13:04:11 EDT" name="tearDown" finished-at="2022-08-15T13:04:12 EDT" duration-ms="695" status="PASS">
          <reporter-output>
          </reporter-output>
        </test-method> <!-- tearDown -->
      </class> <!-- testCases.LoginWithParamater -->
      <class name="testCases.homePageTest">
        <test-method is-config="true" signature="mybeforeMethod()[pri:0, instance:testCases.homePageTest@565f390]" started-at="2022-08-15T13:03:39 EDT" name="mybeforeMethod" finished-at="2022-08-15T13:03:44 EDT" duration-ms="5660" status="PASS">
          <reporter-output>
          </reporter-output>
        </test-method> <!-- mybeforeMethod -->
        <test-method signature="titleValidation()[pri:0, instance:testCases.homePageTest@565f390]" started-at="2022-08-15T13:03:44 EDT" name="titleValidation" finished-at="2022-08-15T13:03:44 EDT" duration-ms="58" status="FAIL">
          <exception class="java.lang.AssertionError">
            <message>
              <![CDATA[expected [FEATURED COURSESs] but found [FEATURED COURSES]]]>
            </message>
            <full-stacktrace>
              <![CDATA[java.lang.AssertionError: expected [FEATURED COURSESs] but found [FEATURED COURSES]
at org.testng.Assert.fail(Assert.java:110)
at org.testng.Assert.failNotEquals(Assert.java:1413)
at org.testng.Assert.assertEqualsImpl(Assert.java:149)
at org.testng.Assert.assertEquals(Assert.java:131)
at org.testng.Assert.assertEquals(Assert.java:655)
at org.testng.Assert.assertEquals(Assert.java:665)
at testCases.homePageTest.titleValidation(homePageTest.java:35)
at java.base/jdk.internal.reflect.NativeMethodAccessorImpl.invoke0(Native Method)
at java.base/jdk.internal.reflect.NativeMethodAccessorImpl.invoke(NativeMethodAccessorImpl.java:64)
at java.base/jdk.internal.reflect.DelegatingMethodAccessorImpl.invoke(DelegatingMethodAccessorImpl.java:43)
at java.base/java.lang.reflect.Method.invoke(Method.java:564)
at org.testng.internal.invokers.MethodInvocationHelper.invokeMethod(MethodInvocationHelper.java:135)
at org.testng.internal.invokers.TestInvoker.invokeMethod(TestInvoker.java:673)
at org.testng.internal.invokers.TestInvoker.invokeTestMethod(TestInvoker.java:220)
at org.testng.internal.invokers.MethodRunner.runInSequence(MethodRunner.java:50)
at org.testng.internal.invokers.TestInvoker$MethodInvocationAgent.invoke(TestInvoker.java:945)
at org.testng.internal.invokers.TestInvoker.invokeTestMethods(TestInvoker.java:193)
at org.testng.internal.invokers.TestMethodWorker.invokeTestMethods(TestMethodWorker.java:146)
at org.testng.internal.invokers.TestMethodWorker.run(TestMethodWorker.java:128)
at java.base/java.util.ArrayList.forEach(ArrayList.java:1511)
at org.testng.TestRunner.privateRun(TestRunner.java:808)
at org.testng.TestRunner.run(TestRunner.java:603)
at org.testng.SuiteRunner.runTest(SuiteRunner.java:429)
at org.testng.SuiteRunner.access$000(SuiteRunner.java:32)
at org.testng.SuiteRunner$SuiteWorker.run(SuiteRunner.java:467)
at org.testng.internal.thread.ThreadUtil.lambda$execute$0(ThreadUtil.java:58)
at java.base/java.util.concurrent.FutureTask.run(FutureTask.java:264)
at java.base/java.util.concurrent.ThreadPoolExecutor.runWorker(ThreadPoolExecutor.java:1130)
at java.base/java.util.concurrent.ThreadPoolExecutor$Worker.run(ThreadPoolExecutor.java:630)
at java.base/java.lang.Thread.run(Thread.java:832)
]]>
            </full-stacktrace>
          </exception> <!-- java.lang.AssertionError -->
          <reporter-output>
          </reporter-output>
        </test-method> <!-- titleValidation -->
        <test-method is-config="true" signature="tearDown()[pri:0, instance:testCases.homePageTest@565f390]" started-at="2022-08-15T13:03:46 EDT" name="tearDown" finished-at="2022-08-15T13:03:47 EDT" duration-ms="677" status="PASS">
          <reporter-output>
          </reporter-output>
        </test-method> <!-- tearDown -->
        <test-method is-config="true" signature="mybeforeMethod()[pri:0, instance:testCases.homePageTest@565f390]" started-at="2022-08-15T13:03:47 EDT" name="mybeforeMethod" finished-at="2022-08-15T13:03:53 EDT" duration-ms="6171" status="PASS">
          <reporter-output>
          </reporter-output>
        </test-method> <!-- mybeforeMethod -->
        <test-method signature="validationOfNavbar()[pri:0, instance:testCases.homePageTest@565f390]" started-at="2022-08-15T13:03:53 EDT" name="validationOfNavbar" finished-at="2022-08-15T13:03:53 EDT" duration-ms="105" status="PASS">
          <reporter-output>
          </reporter-output>
        </test-method> <!-- validationOfNavbar -->
        <test-method is-config="true" signature="tearDown()[pri:0, instance:testCases.homePageTest@565f390]" started-at="2022-08-15T13:03:53 EDT" name="tearDown" finished-at="2022-08-15T13:03:54 EDT" duration-ms="1003" status="PASS">
          <reporter-output>
          </reporter-output>
        </test-method> <!-- tearDown -->
      </class> <!-- testCases.homePageTest -->
    </test> <!-- Test -->
  </suite> <!-- Suite -->
</testng-results>
