-------------------------------------------------------------------------------
Test set: TestSuite
-------------------------------------------------------------------------------
Tests run: 5, Failures: 1, Errors: 0, Skipped: 0, Time elapsed: 40.26 s <<< FAILURE! - in TestSuite
testCases.homePageTest.titleValidation  Time elapsed: 0.156 s  <<< FAILURE!
java.lang.AssertionError: expected [FEATURED COURSESs] but found [FEATURED COURSES]
	at testCases.homePageTest.titleValidation(homePageTest.java:35)

