<?xml version="1.0" encoding="UTF-8"?>
<testsuite xmlns:xsi="http://www.w3.org/2001/XMLSchema-instance" xsi:noNamespaceSchemaLocation="https://maven.apache.org/surefire/maven-surefire-plugin/xsd/surefire-test-report-3.0.xsd" version="3.0" name="TestSuite" time="50.383" tests="5" errors="0" skipped="0" failures="1">
  <properties>
[...]
</properties>
  <testcase name="loginTest" classname="testCases.LoginPageTest" time="2.375"/>
  <testcase name="titleValidation" classname="testCases.homePageTest" time="1.294">
    <failure message="expected [FEATURED COURSESs] but found [FEATURED COURSES]" type="java.lang.AssertionError"><![CDATA[java.lang.AssertionError: expected [FEATURED COURSESs] but found [FEATURED COURSES]
	at testCases.homePageTest.titleValidation(homePageTest.java:35)
]]></failure>
    <system-out><![CDATA[2022-08-14 18:28:35 INFO  Log:20 - Driver inicilized
Browser is: chrome
------------ loginTest Test Start------------
2022-08-14 18:28:42 INFO  Log:20 - Home Page is Opened
2022-08-14 18:28:42 DEBUG Log:24 - Featured Course Validation
]]></system-out>
    <system-err><![CDATA[Starting ChromeDriver 104.0.5112.79 (3cf3e8c8a07d104b9e1260c910efb8f383285dc5-refs/branch-heads/5112@{#1307}) on port 59537
Only local connections are allowed.
Please see https://chromedriver.chromium.org/security-considerations for suggestions on keeping ChromeDriver safe.
ChromeDriver was started successfully.
Aug 14, 2022 6:28:37 PM org.openqa.selenium.remote.ProtocolHandshake createSession
INFO: Detected dialect: W3C
Aug 14, 2022 6:28:37 PM org.openqa.selenium.devtools.CdpVersionFinder findNearestMatch
WARNING: Unable to find an exact match for CDP version 104, so returning the closest version found: a no-op implementation
Aug 14, 2022 6:28:37 PM org.openqa.selenium.devtools.CdpVersionFinder findNearestMatch
INFO: Unable to find CDP implementation matching 104.
Aug 14, 2022 6:28:37 PM org.openqa.selenium.chromium.ChromiumDriver lambda$new$3
WARNING: Unable to find version of CDP to use for . You may need to include a dependency on a specific version of the CDP using something similar to `org.seleniumhq.selenium:selenium-devtools-v86:4.1.1` where the version ("v86") matches the version of the chromium-based browser you're using and the version number of the artifact is the same as Selenium's.
]]></system-err>
  </testcase>
  <testcase name="validationOfNavbar" classname="testCases.homePageTest" time="0.149"/>
  <testcase name="loginTest" classname="testCases.LoginWithParamater" time="1.922"/>
  <testcase name="loginTest" classname="testCases.LoginWithParamater" time="2.015"/>
</testsuite>